[18:41:47] "/"
[18:41:47] "Sent:index.html"
[18:41:47] "/favicon.ico"
[18:41:47] {"code":"ECONNABORTED"}
[18:41:50] "/favicon.ico"
[18:41:50] "Sent:favicon.ico"
[18:51:41] "server is listening on 80"
[18:51:41] "/"
[18:51:41] "Sent:index.html"
[18:51:41] "/favicon.ico"
[18:51:41] "Sent:favicon.ico"
[18:51:43] "/"
[18:51:43] "Sent:index.html"
[18:51:43] "/favicon.ico"
[18:51:43] "Sent:favicon.ico"
[18:51:44] "/naeb/"
[18:51:44] "Sent:naeb/index.html"
[18:51:44] "/naeb/css/main.css"
[18:51:44] "Sent:naeb/css/main.css"
[18:51:44] "/naeb/js/main.js"
[18:51:44] "Sent:naeb/js/main.js"
[18:52:02] "/naeb/"
[18:52:02] "Sent:naeb/index.html"
[18:52:02] "/naeb/css/main.css"
[18:52:02] "Sent:naeb/css/main.css"
[18:52:02] "/naeb/js/main.js"
[18:52:02] "Sent:naeb/js/main.js"
[18:52:03] "/favicon.ico"
[18:52:03] "Sent:favicon.ico"
[19:50:43] "/"
[19:50:43] "Sent:index.html"
[19:50:44] "/favicon.ico"
[19:50:44] "Sent:favicon.ico"
[19:52:05] "/"
[19:52:05] "Sent:index.html"
[19:52:06] "/favicon.ico"
[19:52:06] "Sent:favicon.ico"
[19:53:36] "/"
[19:53:36] "Sent:index.html"
[19:53:37] "/favicon.ico"
[19:53:37] "Sent:favicon.ico"
[19:53:37] "/"
[19:53:37] "Sent:index.html"
[19:53:38] "/favicon.ico"
[19:53:38] "Sent:favicon.ico"
[19:53:52] "/"
[19:53:52] "Sent:index.html"
[19:53:52] "/favicon.ico"
[19:53:53] "Sent:favicon.ico"
[19:54:58] "/"
[19:54:58] "Sent:index.html"
[19:54:58] "/main.css"
[19:54:58] "Sent:main.css"
[19:54:58] "/favicon.ico"
[19:54:58] "Sent:favicon.ico"
[19:55:18] "/naeb/"
[19:55:18] "Sent:naeb/index.html"
[19:55:19] "/naeb/css/main.css"
[19:55:19] "/naeb/js/main.js"
[19:55:19] "Sent:naeb/css/main.css"
[19:55:19] "Sent:naeb/js/main.js"
[19:55:19] "/naeb/"
[19:55:19] "Sent:naeb/index.html"
[19:55:19] "/naeb/css/main.css"
[19:55:19] "/naeb/js/main.js"
[19:55:19] "Sent:naeb/css/main.css"
[19:55:19] "Sent:naeb/js/main.js"
[19:55:19] "/favicon.ico"
[19:55:19] "Sent:favicon.ico"
[19:55:22] "/"
[19:55:22] "Sent:index.html"
[19:55:22] "/main.css"
[19:55:22] "Sent:main.css"
[19:55:32] "/"
[19:55:32] "Sent:index.html"
[19:55:33] "/main.css"
[19:55:33] "Sent:main.css"
[19:55:33] "/favicon.ico"
[19:55:33] "Sent:favicon.ico"
[19:55:42] "/"
[19:55:42] "Sent:index.html"
[19:55:42] "/main.css"
[19:55:42] "Sent:main.css"
[19:55:43] "/favicon.ico"
[19:55:43] "Sent:favicon.ico"
[19:56:30] "/"
[19:56:30] "Sent:index.html"
[19:56:30] "/main.css"
[19:56:30] "Sent:main.css"
[19:56:31] "/favicon.ico"
[19:56:31] "Sent:favicon.ico"
[19:56:31] "/"
[19:56:31] "Sent:index.html"
[19:56:31] "/main.css"
[19:56:31] "Sent:main.css"
[19:56:31] "/favicon.ico"
[19:56:32] "Sent:favicon.ico"
[19:56:33] "/main.css"
[19:56:33] "Sent:main.css"
[19:56:48] "/"
[19:56:48] "Sent:index.html"
[19:56:48] "/main.css"
[19:56:48] "Sent:main.css"
[19:56:49] "/favicon.ico"
[19:56:49] "Sent:favicon.ico"
[19:56:54] "/"
[19:56:54] "Sent:index.html"
[19:56:54] "/main.css"
[19:56:54] "Sent:main.css"
[19:56:55] "/favicon.ico"
[19:56:55] "Sent:favicon.ico"
[19:57:51] "/"
[19:57:51] "Sent:index.html"
[19:57:51] "/main.css"
[19:57:51] "Sent:main.css"
[19:57:51] "/favicon.ico"
[19:57:51] "Sent:favicon.ico"
[19:58:05] "/"
[19:58:05] "Sent:index.html"
[19:58:05] "/main.css"
[19:58:05] "Sent:main.css"
[19:58:06] "/favicon.ico"
[19:58:06] "Sent:favicon.ico"
[19:58:22] "/"
[19:58:22] "Sent:index.html"
[19:58:22] "/main.css"
[19:58:22] "Sent:main.css"
[19:58:23] "/favicon.ico"
[19:58:23] "Sent:favicon.ico"
[19:58:23] "/"
[19:58:23] "Sent:index.html"
[19:58:23] "/main.css"
[19:58:23] "Sent:main.css"
[19:58:24] "/favicon.ico"
[19:58:24] "Sent:favicon.ico"
[19:58:36] "/"
[19:58:36] "Sent:index.html"
[19:58:36] "/main.css"
[19:58:36] "Sent:main.css"
[19:58:37] "/favicon.ico"
[19:58:37] "Sent:favicon.ico"
[19:59:31] "/"
[19:59:31] "Sent:index.html"
[19:59:31] "/main.css"
[19:59:31] "Sent:main.css"
[19:59:32] "/favicon.ico"
[19:59:32] "Sent:favicon.ico"
[20:00:08] "/"
[20:00:08] "Sent:index.html"
[20:00:08] "/main.css"
[20:00:08] "Sent:main.css"
[20:00:09] "/favicon.ico"
[20:00:09] "Sent:favicon.ico"
[20:00:41] "/"
[20:00:41] "Sent:index.html"
[20:00:42] "/main.css"
[20:00:42] "Sent:main.css"
[20:00:42] "/favicon.ico"
[20:00:42] "Sent:favicon.ico"
[20:01:03] "/"
[20:01:03] "Sent:index.html"
[20:01:03] "/main.css"
[20:01:03] "Sent:main.css"
[20:01:03] "/favicon.ico"
[20:01:03] "Sent:favicon.ico"
[20:01:17] "/"
[20:01:17] "Sent:index.html"
[20:01:17] "/main.css"
[20:01:17] "Sent:main.css"
[20:01:17] "/favicon.ico"
[20:01:17] "Sent:favicon.ico"
[20:01:42] "/"
[20:01:42] "Sent:index.html"
[20:01:42] "/main.css"
[20:01:42] "Sent:main.css"
[20:01:43] "/favicon.ico"
[20:01:43] "Sent:favicon.ico"
[20:03:34] "/"
[20:03:34] "Sent:index.html"
[20:03:34] "/main.css"
[20:03:34] "Sent:main.css"
[20:03:34] "/favicon.ico"
[20:03:34] "Sent:favicon.ico"
[20:03:46] "/"
[20:03:46] "Sent:index.html"
[20:03:47] "/main.css"
[20:03:47] "Sent:main.css"
[20:03:47] "/favicon.ico"
[20:03:47] "Sent:favicon.ico"
[20:03:54] "/"
[20:03:54] "Sent:index.html"
[20:03:54] "/main.css"
[20:03:54] "Sent:main.css"
[20:03:55] "/favicon.ico"
[20:03:55] "Sent:favicon.ico"
[20:04:29] "/"
[20:04:29] "Sent:index.html"
[20:04:29] "/main.css"
[20:04:29] "Sent:main.css"
[20:04:29] "/favicon.ico"
[20:04:30] "Sent:favicon.ico"
[20:05:34] "/"
[20:05:34] "Sent:index.html"
[20:05:34] "/main.css"
[20:05:34] "Sent:main.css"
[20:05:34] "/favicon.ico"
[20:05:34] "Sent:favicon.ico"
[20:05:35] "/"
[20:05:35] "Sent:index.html"
[20:05:35] "/main.css"
[20:05:35] "Sent:main.css"
[20:05:35] "/favicon.ico"
[20:05:35] "Sent:favicon.ico"
[20:05:43] "/"
[20:05:43] "Sent:index.html"
[20:05:43] "/main.css"
[20:05:43] "Sent:main.css"
[20:05:43] "/favicon.ico"
[20:05:43] "Sent:favicon.ico"
[20:05:53] "/"
[20:05:53] "Sent:index.html"
[20:05:53] "/main.css"
[20:05:53] "Sent:main.css"
[20:05:54] "/favicon.ico"
[20:05:54] "Sent:favicon.ico"
[20:07:03] "/"
[20:07:03] "Sent:index.html"
[20:07:03] "/main.css"
[20:07:03] "Sent:main.css"
[20:07:04] "/favicon.ico"
[20:07:04] "Sent:favicon.ico"
[20:07:14] "/"
[20:07:14] "Sent:index.html"
[20:07:14] "/main.css"
[20:07:14] "Sent:main.css"
[20:07:15] "/favicon.ico"
[20:07:15] "Sent:favicon.ico"
[20:07:15] "/"
[20:07:15] "Sent:index.html"
[20:07:15] "/main.css"
[20:07:15] "Sent:main.css"
[20:07:16] "/favicon.ico"
[20:07:16] "Sent:favicon.ico"
[20:07:32] "/"
[20:07:32] "Sent:index.html"
[20:07:32] "/main.css"
[20:07:32] "Sent:main.css"
[20:07:32] "/favicon.ico"
[20:07:32] "Sent:favicon.ico"
[20:07:48] "/"
[20:07:48] "Sent:index.html"
[20:07:48] "/main.css"
[20:07:48] "Sent:main.css"
[20:07:49] "/favicon.ico"
[20:07:49] "Sent:favicon.ico"
[20:07:56] "/"
[20:07:56] "Sent:index.html"
[20:07:56] "/main.css"
[20:07:56] "Sent:main.css"
[20:07:56] "/favicon.ico"
[20:07:56] "Sent:favicon.ico"
[20:09:56] "/"
[20:09:56] "Sent:index.html"
[20:09:56] "/main.css"
[20:09:56] "Sent:main.css"
[20:09:57] "/favicon.ico"
[20:09:57] "Sent:favicon.ico"
[20:14:37] "/"
[20:14:37] "Sent:index.html"
[20:14:37] "/main.css"
[20:14:37] "Sent:main.css"
[20:14:37] "/favicon.ico"
[20:14:38] "Sent:favicon.ico"
[20:14:41] "/"
[20:14:41] "Sent:index.html"
[20:14:41] "/main.css"
[20:14:41] "Sent:main.css"
[20:14:41] "/favicon.ico"
[20:14:41] "Sent:favicon.ico"
[20:14:49] "/"
[20:14:49] "Sent:index.html"
[20:14:49] "/main.css"
[20:14:49] "Sent:main.css"
[20:14:49] "/favicon.ico"
[20:14:49] "Sent:favicon.ico"
[20:15:21] "/"
[20:15:21] "Sent:index.html"
[20:15:21] "/main.css"
[20:15:21] "Sent:main.css"
[20:15:21] "/favicon.ico"
[20:15:21] "Sent:favicon.ico"
[20:15:23] "/"
[20:15:23] "Sent:index.html"
[20:15:23] "/main.css"
[20:15:23] "Sent:main.css"
[20:15:23] "/favicon.ico"
[20:15:23] "Sent:favicon.ico"
[20:15:36] "/"
[20:15:36] "Sent:index.html"
[20:15:36] "/main.css"
[20:15:36] "Sent:main.css"
[20:15:37] "/favicon.ico"
[20:15:37] "Sent:favicon.ico"
[20:15:51] "/"
[20:15:51] "Sent:index.html"
[20:15:51] "/main.css"
[20:15:51] "Sent:main.css"
[20:15:51] "/favicon.ico"
[20:15:51] "Sent:favicon.ico"
[20:16:04] "/"
[20:16:04] "Sent:index.html"
[20:16:04] "/main.css"
[20:16:04] "Sent:main.css"
[20:16:04] "/favicon.ico"
[20:16:04] "Sent:favicon.ico"
[20:16:14] "/"
[20:16:14] "Sent:index.html"
[20:16:14] "/main.css"
[20:16:14] "Sent:main.css"
[20:16:14] "/favicon.ico"
[20:16:14] "Sent:favicon.ico"
[20:16:29] "/main.css"
[20:16:29] "Sent:main.css"
[20:16:56] "/"
[20:16:56] "Sent:index.html"
[20:16:56] "/main.css"
[20:16:56] "Sent:main.css"
[20:16:56] "/favicon.ico"
[20:16:57] "Sent:favicon.ico"
[20:17:51] "/"
[20:17:51] "Sent:index.html"
[20:17:51] "/main.css"
[20:17:51] "Sent:main.css"
[20:17:52] "/favicon.ico"
[20:17:52] "Sent:favicon.ico"
[20:18:10] "/"
[20:18:10] "Sent:index.html"
[20:18:10] "/main.css"
[20:18:10] "Sent:main.css"
[20:18:11] "/favicon.ico"
[20:18:11] "Sent:favicon.ico"
[20:18:22] "/"
[20:18:22] "Sent:index.html"
[20:18:22] "/main.css"
[20:18:22] "Sent:main.css"
[20:18:23] "/favicon.ico"
[20:18:23] "Sent:favicon.ico"
[20:19:25] "/"
[20:19:25] "Sent:index.html"
[20:19:25] "/main.css"
[20:19:25] "Sent:main.css"
[20:19:25] "/favicon.ico"
[20:19:25] "Sent:favicon.ico"
[20:20:05] "/"
[20:20:05] "Sent:index.html"
[20:20:05] "/main.css"
[20:20:05] "Sent:main.css"
[20:20:06] "/favicon.ico"
[20:20:06] "Sent:favicon.ico"
[20:20:34] "/"
[20:20:34] "Sent:index.html"
[20:20:35] "/main.css"
[20:20:35] "Sent:main.css"
[20:20:35] "/favicon.ico"
[20:20:35] "Sent:favicon.ico"
[20:21:17] "/"
[20:21:17] "Sent:index.html"
[20:21:17] "/main.css"
[20:21:17] "Sent:main.css"
[20:21:18] "/favicon.ico"
[20:21:18] "Sent:favicon.ico"
[20:21:30] "/"
[20:21:30] "Sent:index.html"
[20:21:30] "/main.css"
[20:21:30] "Sent:main.css"
[20:21:30] "/favicon.ico"
[20:21:31] "Sent:favicon.ico"
[20:21:32] "/"
[20:21:32] "Sent:index.html"
[20:21:32] "/main.css"
[20:21:32] "Sent:main.css"
[20:21:32] "/favicon.ico"
[20:21:32] "Sent:favicon.ico"
[20:21:51] "/"
[20:21:51] "Sent:index.html"
[20:21:52] "/main.css"
[20:21:52] "Sent:main.css"
[20:21:52] "/favicon.ico"
[20:21:52] "Sent:favicon.ico"
[20:23:31] "/"
[20:23:31] "Sent:index.html"
[20:23:31] "/main.css"
[20:23:31] "Sent:main.css"
[20:23:32] "/favicon.ico"
[20:23:32] "Sent:favicon.ico"
[20:23:38] "/"
[20:23:38] "Sent:index.html"
[20:23:38] "/main.css"
[20:23:38] "Sent:main.css"
[20:23:39] "/favicon.ico"
[20:23:39] "Sent:favicon.ico"
[20:24:26] "/"
[20:24:26] "Sent:index.html"
[20:24:26] "/main.css"
[20:24:26] "Sent:main.css"
[20:24:26] "/favicon.ico"
[20:24:26] "Sent:favicon.ico"
[20:24:30] "/"
[20:24:30] "Sent:index.html"
[20:24:30] "/main.css"
[20:24:30] "Sent:main.css"
[20:24:31] "/favicon.ico"
[20:24:31] "Sent:favicon.ico"
[20:24:40] "/"
[20:24:40] "Sent:index.html"
[20:24:40] "/main.css"
[20:24:40] "Sent:main.css"
[20:24:40] "/favicon.ico"
[20:24:40] "Sent:favicon.ico"
[20:24:49] "/"
[20:24:49] "Sent:index.html"
[20:24:49] "/main.css"
[20:24:49] "Sent:main.css"
[20:24:49] "/favicon.ico"
[20:24:50] "Sent:favicon.ico"
[20:24:58] "/"
[20:24:58] "Sent:index.html"
[20:24:58] "/main.css"
[20:24:58] "Sent:main.css"
[20:24:58] "/favicon.ico"
[20:24:58] "Sent:favicon.ico"
[20:25:03] "/"
[20:25:03] "Sent:index.html"
[20:25:03] "/main.css"
[20:25:03] "Sent:main.css"
[20:25:04] "/favicon.ico"
[20:25:04] "Sent:favicon.ico"
[20:25:29] "/"
[20:25:29] "Sent:index.html"
[20:25:30] "/main.css"
[20:25:30] "Sent:main.css"
[20:25:30] "/favicon.ico"
[20:25:30] "Sent:favicon.ico"
[20:25:40] "/"
[20:25:40] "Sent:index.html"
[20:25:40] "/main.css"
[20:25:40] "Sent:main.css"
[20:25:40] "/favicon.ico"
[20:25:40] "Sent:favicon.ico"
[20:25:42] "/main.css"
[20:25:42] "Sent:main.css"
[20:26:32] "/"
[20:26:32] "Sent:index.html"
[20:26:33] "/main.css"
[20:26:33] "Sent:main.css"
[20:26:33] "/favicon.ico"
[20:26:33] "Sent:favicon.ico"
[20:26:36] "/"
[20:26:36] "Sent:index.html"
[20:26:36] "/main.css"
[20:26:36] "Sent:main.css"
[20:26:37] "/favicon.ico"
[20:26:37] "Sent:favicon.ico"
[20:27:06] "/"
[20:27:06] "Sent:index.html"
[20:27:06] "/main.css"
[20:27:06] "Sent:main.css"
[20:27:07] "/favicon.ico"
[20:27:07] "Sent:favicon.ico"
[20:27:27] "/"
[20:27:27] "Sent:index.html"
[20:27:27] "/main.css"
[20:27:27] "Sent:main.css"
[20:27:28] "/favicon.ico"
[20:27:28] "Sent:favicon.ico"
[20:27:35] "/"
[20:27:35] "Sent:index.html"
[20:27:35] "/main.css"
[20:27:35] "Sent:main.css"
[20:27:35] "/favicon.ico"
[20:27:35] "Sent:favicon.ico"
[20:27:42] "/"
[20:27:42] "Sent:index.html"
[20:27:42] "/main.css"
[20:27:42] "Sent:main.css"
[20:27:43] "/favicon.ico"
[20:27:43] "Sent:favicon.ico"
[20:27:49] "/"
[20:27:49] "Sent:index.html"
[20:27:49] "/main.css"
[20:27:49] "Sent:main.css"
[20:27:50] "/favicon.ico"
[20:27:50] "Sent:favicon.ico"
[20:27:58] "/"
[20:27:58] "Sent:index.html"
[20:27:58] "/main.css"
[20:27:58] "Sent:main.css"
[20:27:58] "/favicon.ico"
[20:27:58] "Sent:favicon.ico"
[20:28:21] "/"
[20:28:21] "Sent:index.html"
[20:28:21] "/main.css"
[20:28:21] "Sent:main.css"
[20:28:22] "/favicon.ico"
[20:28:22] "Sent:favicon.ico"
[20:28:44] "/"
[20:28:44] "Sent:index.html"
[20:28:44] "/main.css"
[20:28:44] "Sent:main.css"
[20:28:45] "/favicon.ico"
[20:28:45] "Sent:favicon.ico"
[20:29:06] "/"
[20:29:06] "Sent:index.html"
[20:29:06] "/main.css"
[20:29:06] "Sent:main.css"
[20:29:06] "/favicon.ico"
[20:29:06] "Sent:favicon.ico"
[20:29:37] "/"
[20:29:37] "Sent:index.html"
[20:29:38] "/main.css"
[20:29:38] "Sent:main.css"
[20:29:38] "/favicon.ico"
[20:29:38] "Sent:favicon.ico"
[20:29:57] "/"
[20:29:57] "Sent:index.html"
[20:29:57] "/main.css"
[20:29:57] "Sent:main.css"
[20:29:58] "/favicon.ico"
[20:29:58] "Sent:favicon.ico"
[20:30:09] "/"
[20:30:09] "Sent:index.html"
[20:30:58] "/"
[20:30:58] "Sent:index.html"
[20:30:58] "/main.css"
[20:30:58] "Sent:main.css"
[20:30:58] "/favicon.ico"
[20:30:58] "Sent:favicon.ico"
[20:31:28] "/"
[20:31:28] "Sent:index.html"
[20:31:28] "/main.css"
[20:31:28] "Sent:main.css"
[20:31:28] "/favicon.ico"
[20:31:28] "Sent:favicon.ico"
[20:31:43] "/"
[20:31:43] "Sent:index.html"
[20:31:43] "/main.css"
[20:31:43] "Sent:main.css"
[20:31:43] "/favicon.ico"
[20:31:43] "Sent:favicon.ico"
[20:32:21] "/"
[20:32:21] "Sent:index.html"
[20:32:21] "/main.css"
[20:32:21] "Sent:main.css"
[20:32:22] "/favicon.ico"
[20:32:22] "Sent:favicon.ico"
[20:32:40] "/"
[20:32:40] "Sent:index.html"
[20:32:40] "/main.css"
[20:32:40] "Sent:main.css"
[20:32:41] "/favicon.ico"
[20:32:41] "Sent:favicon.ico"
[20:33:06] "/"
[20:33:06] "Sent:index.html"
[20:33:06] "/main.css"
[20:33:06] "Sent:main.css"
[20:33:06] "/favicon.ico"
[20:33:06] "Sent:favicon.ico"
[20:33:41] "/"
[20:33:41] "Sent:index.html"
[20:33:41] "/main.css"
[20:33:41] "Sent:main.css"
[20:33:41] "/favicon.ico"
[20:33:41] "Sent:favicon.ico"
[20:34:22] "/"
[20:34:22] "Sent:index.html"
[20:34:22] "/main.css"
[20:34:22] "Sent:main.css"
[20:34:22] "/favicon.ico"
[20:34:22] "Sent:favicon.ico"
[20:37:22] "/"
[20:37:22] "Sent:index.html"
[20:37:23] "/main.css"
[20:37:23] "Sent:main.css"
[20:37:23] "/favicon.ico"
[20:37:23] "Sent:favicon.ico"
[20:38:37] "/"
[20:38:37] "Sent:index.html"
[20:38:37] "/main.css"
[20:38:37] "Sent:main.css"
[20:38:38] "/favicon.ico"
[20:38:38] "Sent:favicon.ico"
[20:39:00] "/"
[20:39:00] "Sent:index.html"
[20:39:00] "/main.css"
[20:39:00] "Sent:main.css"
[20:39:00] "/favicon.ico"
[20:39:00] "Sent:favicon.ico"
[20:39:16] "/"
[20:39:16] "Sent:index.html"
[20:39:16] "/main.css"
[20:39:16] "Sent:main.css"
[20:39:17] "/favicon.ico"
[20:39:17] "Sent:favicon.ico"
[20:39:28] "/"
[20:39:28] "Sent:index.html"
[20:39:28] "/main.css"
[20:39:28] "Sent:main.css"
[20:39:29] "/favicon.ico"
[20:39:29] "Sent:favicon.ico"
[20:39:58] "/"
[20:39:58] "Sent:index.html"
[20:39:58] "/main.css"
[20:39:58] "Sent:main.css"
[20:39:59] "/favicon.ico"
[20:39:59] "Sent:favicon.ico"
[20:40:16] "/"
[20:40:16] "Sent:index.html"
[20:40:16] "/main.css"
[20:40:16] "Sent:main.css"
[20:40:17] "/favicon.ico"
[20:40:17] "Sent:favicon.ico"
[20:40:33] "/"
[20:40:33] "Sent:index.html"
[20:40:33] "/main.css"
[20:40:33] "Sent:main.css"
[20:40:33] "/favicon.ico"
[20:40:33] "Sent:favicon.ico"
[20:40:42] "/"
[20:40:42] "Sent:index.html"
[20:40:42] "/main.css"
[20:40:42] "Sent:main.css"
[20:40:42] "/favicon.ico"
[20:40:42] "Sent:favicon.ico"
[20:40:50] "/"
[20:40:50] "Sent:index.html"
[20:40:50] "/main.css"
[20:40:50] "Sent:main.css"
[20:40:50] "/favicon.ico"
[20:40:51] "Sent:favicon.ico"
[20:40:57] "/"
[20:40:57] "Sent:index.html"
[20:40:57] "/main.css"
[20:40:57] "Sent:main.css"
[20:40:57] "/favicon.ico"
[20:40:58] "Sent:favicon.ico"
[20:41:06] "/"
[20:41:06] "Sent:index.html"
[20:41:06] "/main.css"
[20:41:06] "Sent:main.css"
[20:41:06] "/favicon.ico"
[20:41:06] "Sent:favicon.ico"
[20:41:23] "/"
[20:41:23] "Sent:index.html"
[20:41:23] "/main.css"
[20:41:23] "Sent:main.css"
[20:41:23] "/favicon.ico"
[20:41:23] "Sent:favicon.ico"
[20:41:29] "/"
[20:41:29] "Sent:index.html"
[20:41:29] "/main.css"
[20:41:29] "Sent:main.css"
[20:41:29] "/favicon.ico"
[20:41:29] "Sent:favicon.ico"
[20:41:34] "/"
[20:41:34] "Sent:index.html"
[20:41:34] "/main.css"
[20:41:34] "Sent:main.css"
[20:41:34] "/favicon.ico"
[20:41:34] "Sent:favicon.ico"
[20:41:47] "/"
[20:41:47] "Sent:index.html"
[20:41:47] "/main.css"
[20:41:47] "Sent:main.css"
[20:41:47] "/favicon.ico"
[20:41:48] "Sent:favicon.ico"
[20:41:52] "/"
[20:41:52] "Sent:index.html"
[20:41:52] "/main.css"
[20:41:52] "Sent:main.css"
[20:41:53] "/favicon.ico"
[20:41:53] "Sent:favicon.ico"
[20:41:58] "/"
[20:41:58] "Sent:index.html"
[20:41:58] "/main.css"
[20:41:58] "Sent:main.css"
[20:41:58] "/favicon.ico"
[20:41:58] "Sent:favicon.ico"
[20:42:03] "/"
[20:42:03] "Sent:index.html"
[20:42:03] "/main.css"
[20:42:03] "Sent:main.css"
[20:42:03] "/favicon.ico"
[20:42:03] "Sent:favicon.ico"
[20:42:05] "/rest/"
[20:42:05] "Sent:rest/index.html"
[20:42:05] "/rest/img/glad.png"
[20:42:05] "Sent:rest/img/glad.png"
[20:42:09] "/naeb/"
[20:42:09] "Sent:naeb/index.html"
[20:42:09] "/naeb/css/main.css"
[20:42:09] "Sent:naeb/css/main.css"
[20:42:09] "/naeb/js/main.js"
[20:42:09] "Sent:naeb/js/main.js"
[20:42:11] "/rest/"
[20:42:11] "Sent:rest/index.html"
[20:42:12] "/rest/img/glad.png"
[20:42:12] "Sent:rest/img/glad.png"
[20:43:13] "/"
[20:43:13] "Sent:index.html"
[20:43:13] "/main.css"
[20:43:13] "Sent:main.css"
[20:43:13] "/favicon.ico"
[20:43:14] "Sent:favicon.ico"
[20:43:19] "/"
[20:43:19] "Sent:index.html"
[20:43:19] "/main.css"
[20:43:19] "Sent:main.css"
[20:43:19] "/favicon.ico"
[20:43:19] "Sent:favicon.ico"
[20:44:07] "/"
[20:44:07] "Sent:index.html"
[20:44:07] "/main.css"
[20:44:07] "Sent:main.css"
[20:44:07] "/favicon.ico"
[20:44:07] "Sent:favicon.ico"
[20:47:39] "/"
[20:47:39] "Sent:index.html"
[20:47:39] "/main.css"
[20:47:39] "Sent:main.css"
[20:47:40] "/favicon.ico"
[20:47:40] "Sent:favicon.ico"
[20:48:00] "/"
[20:48:00] "Sent:index.html"
[20:48:00] "/main.css"
[20:48:00] "Sent:main.css"
[20:48:01] "/favicon.ico"
[20:48:01] "Sent:favicon.ico"
[20:48:01] "/"
[20:48:01] "Sent:index.html"
[20:48:01] "/main.css"
[20:48:01] "Sent:main.css"
[20:48:01] "/favicon.ico"
[20:48:02] "Sent:favicon.ico"
[20:48:13] "/"
[20:48:13] "Sent:index.html"
[20:48:13] "/main.css"
[20:48:13] "Sent:main.css"
[20:48:13] "/favicon.ico"
[20:48:13] "Sent:favicon.ico"
[20:48:14] "/"
[20:48:14] "Sent:index.html"
[20:48:14] "/main.css"
[20:48:14] "Sent:main.css"
[20:48:14] "/favicon.ico"
[20:48:14] "Sent:favicon.ico"
[20:48:22] "/"
[20:48:22] "Sent:index.html"
[20:48:22] "/main.css"
[20:48:22] "Sent:main.css"
[20:48:23] "/favicon.ico"
[20:48:23] "Sent:favicon.ico"
[20:48:35] "/"
[20:48:35] "Sent:index.html"
[20:48:35] "/main.css"
[20:48:35] "Sent:main.css"
[20:48:35] "/favicon.ico"
[20:48:35] "Sent:favicon.ico"
[20:48:43] "/"
[20:48:43] "Sent:index.html"
[20:48:44] "/main.css"
[20:48:44] "Sent:main.css"
[20:48:44] "/favicon.ico"
[20:48:44] "Sent:favicon.ico"
[20:49:49] "/"
[20:49:49] "Sent:index.html"
[20:49:49] "/main.css"
[20:49:49] "Sent:main.css"
[20:49:49] "/favicon.ico"
[20:49:49] "Sent:favicon.ico"
[20:49:59] "/rest/"
[20:49:59] "Sent:rest/index.html"
[20:50:00] "/rest/img/glad.png"
[20:50:00] "Sent:rest/img/glad.png"
[20:59:07] "/"
[20:59:07] "Sent:index.html"
[20:59:07] "/blackguy.png"
[20:59:07] "/main.css"
[20:59:07] {"errno":-2,"code":"ENOENT","syscall":"stat","path":"/home/fybits/Projects/NodeJS/HTTPServer/blackguy.png","expose":false,"statusCode":404,"status":404}
[20:59:07] "Sent:main.css"
[20:59:08] "/favicon.ico"
[20:59:08] "Sent:favicon.ico"
[20:59:38] "/"
[20:59:39] "Sent:index.html"
[20:59:39] "/blackguy.jpg"
[20:59:39] "/main.css"
[20:59:39] "Sent:main.css"
[20:59:39] "Sent:blackguy.jpg"
[20:59:39] "/favicon.ico"
[20:59:39] "Sent:favicon.ico"
[21:00:22] "/"
[21:00:22] "Sent:index.html"
[21:00:22] "/main.css"
[21:00:22] "/blackguy.jpg"
[21:00:22] "Sent:main.css"
[21:00:22] "Sent:blackguy.jpg"
[21:00:23] "/favicon.ico"
[21:00:23] "Sent:favicon.ico"
[21:00:30] "/"
[21:00:30] "Sent:index.html"
[21:00:30] "/main.css"
[21:00:30] "/blackguy.jpg"
[21:00:30] "Sent:blackguy.jpg"
[21:00:30] "Sent:main.css"
[21:00:30] "/favicon.ico"
[21:00:30] "Sent:favicon.ico"
[21:00:39] "/"
[21:00:39] "Sent:index.html"
[21:00:39] "/main.css"
[21:00:39] "Sent:main.css"
[21:00:39] "/blackguy.jpg"
[21:00:39] "Sent:blackguy.jpg"
[21:00:40] "/favicon.ico"
[21:00:40] "Sent:favicon.ico"
[21:00:46] "/"
[21:00:46] "Sent:index.html"
[21:00:46] "/main.css"
[21:00:46] "/blackguy.jpg"
[21:00:46] "Sent:blackguy.jpg"
[21:00:46] "Sent:main.css"
[21:00:46] "/favicon.ico"
[21:00:46] "Sent:favicon.ico"
[21:00:59] "/"
[21:00:59] "Sent:index.html"
[21:00:59] "/main.css"
[21:00:59] "/blackguy.jpg"
[21:00:59] "Sent:main.css"
[21:00:59] "Sent:blackguy.jpg"
[21:00:59] "/favicon.ico"
[21:00:59] "Sent:favicon.ico"
[21:01:41] "/"
[21:01:41] "Sent:index.html"
[21:01:41] "/main.css"
[21:01:41] "/blackguy.jpg"
[21:01:41] "Sent:blackguy.jpg"
[21:01:41] "Sent:main.css"
[21:01:41] "/favicon.ico"
[21:01:41] "Sent:favicon.ico"
[21:02:06] "/"
[21:02:06] "Sent:index.html"
[21:02:06] "/main.css"
[21:02:06] "/blackguy.jpg"
[21:02:06] "Sent:blackguy.jpg"
[21:02:06] "Sent:main.css"
[21:02:06] "/favicon.ico"
[21:02:06] "Sent:favicon.ico"
[21:02:14] "/"
[21:02:14] "Sent:index.html"
[21:02:14] "/main.css"
[21:02:14] "/blackguy.jpg"
[21:02:14] "Sent:main.css"
[21:02:14] "Sent:blackguy.jpg"
[21:02:14] "/favicon.ico"
[21:02:14] "Sent:favicon.ico"
[21:02:24] "/"
[21:02:24] "Sent:index.html"
[21:02:24] "/main.css"
[21:02:24] "/blackguy.jpg"
[21:02:24] "Sent:blackguy.jpg"
[21:02:24] "Sent:main.css"
[21:02:24] "/favicon.ico"
[21:02:25] "Sent:favicon.ico"
[21:02:47] "/"
[21:02:47] "Sent:index.html"
[21:02:47] "/main.css"
[21:02:47] "/blackguy.jpg"
[21:02:47] "Sent:blackguy.jpg"
[21:02:47] "Sent:main.css"
[21:02:47] "/favicon.ico"
[21:02:47] "Sent:favicon.ico"
[21:02:54] "/"
[21:02:54] "Sent:index.html"
[21:02:54] "/main.css"
[21:02:54] "/blackguy.jpg"
[21:02:54] "Sent:blackguy.jpg"
[21:02:54] "Sent:main.css"
[21:02:54] "/favicon.ico"
[21:02:54] "Sent:favicon.ico"
[21:03:34] "/"
[21:03:34] "Sent:index.html"
[21:03:34] "/main.css"
[21:03:34] "/blackguy.jpg"
[21:03:34] "Sent:blackguy.jpg"
[21:03:34] "Sent:main.css"
[21:03:34] "/favicon.ico"
[21:03:34] "Sent:favicon.ico"
[21:03:42] "/main.css"
[21:03:42] "Sent:main.css"
[21:05:33] "/"
[21:05:33] "Sent:index.html"
[21:05:33] "/main.css"
[21:05:33] "/blackguy.jpg"
[21:05:33] "Sent:blackguy.jpg"
[21:05:33] "Sent:main.css"
[21:05:34] "/favicon.ico"
[21:05:34] "Sent:favicon.ico"
[21:06:21] "/"
[21:06:21] "Sent:index.html"
[21:06:21] "/main.css"
[21:06:21] "/blackguy.jpg"
[21:06:21] "Sent:blackguy.jpg"
[21:06:21] "Sent:main.css"
[21:06:21] "/favicon.ico"
[21:06:21] "Sent:favicon.ico"
[21:06:51] "/"
[21:06:51] "Sent:index.html"
[21:06:51] "/main.css"
[21:06:51] "/blackguy.jpg"
[21:06:51] "Sent:blackguy.jpg"
[21:06:51] "Sent:main.css"
[21:06:52] "/favicon.ico"
[21:06:52] "Sent:favicon.ico"
[21:07:00] "/"
[21:07:00] "Sent:index.html"
[21:07:01] "/main.css"
[21:07:01] "Sent:main.css"
[21:07:01] "/blackguy.jpg"
[21:07:01] "Sent:blackguy.jpg"
[21:07:01] "/favicon.ico"
[21:07:01] "Sent:favicon.ico"
[21:07:09] "/"
[21:07:09] "Sent:index.html"
[21:07:09] "/main.css"
[21:07:09] "Sent:main.css"
[21:07:09] "/blackguy.jpg"
[21:07:09] "Sent:blackguy.jpg"
[21:07:10] "/favicon.ico"
[21:07:10] "Sent:favicon.ico"
[21:07:34] "/"
[21:07:34] "Sent:index.html"
[21:07:34] "/main.css"
[21:07:34] "/blackguy.jpg"
[21:07:34] "Sent:main.css"
[21:07:34] "Sent:blackguy.jpg"
[21:07:34] "/favicon.ico"
[21:07:34] "Sent:favicon.ico"
[21:08:15] "/"
[21:08:15] "Sent:index.html"
[21:08:15] "/main.css"
[21:08:15] "/blackguy.jpg"
[21:08:15] "Sent:blackguy.jpg"
[21:08:15] "Sent:main.css"
[21:08:16] "/favicon.ico"
[21:08:16] "Sent:favicon.ico"
[21:08:24] "/"
[21:08:24] "Sent:index.html"
[21:08:24] "/main.css"
[21:08:24] "/blackguy.jpg"
[21:08:24] "Sent:blackguy.jpg"
[21:08:24] "Sent:main.css"
[21:08:24] "/favicon.ico"
[21:08:24] "Sent:favicon.ico"
[21:08:33] "/"
[21:08:33] "Sent:index.html"
[21:08:33] "/main.css"
[21:08:33] "/blackguy.jpg"
[21:08:33] "Sent:blackguy.jpg"
[21:08:33] "Sent:main.css"
[21:08:33] "/favicon.ico"
[21:08:33] "Sent:favicon.ico"
[21:09:15] "/"
[21:09:15] "Sent:index.html"
[21:09:15] "/main.css"
[21:09:15] "/blackguy.jpg"
[21:09:15] "Sent:blackguy.jpg"
[21:09:15] "Sent:main.css"
[21:09:15] "/favicon.ico"
[21:09:15] "Sent:favicon.ico"
[21:09:37] "/"
[21:09:37] "Sent:index.html"
[21:09:37] "/main.css"
[21:09:37] "/blackguy.jpg"
[21:09:37] "Sent:blackguy.jpg"
[21:09:37] "Sent:main.css"
[21:09:37] "/favicon.ico"
[21:09:37] "Sent:favicon.ico"
[21:09:41] "/"
[21:09:41] "Sent:index.html"
[21:09:41] "/main.css"
[21:09:41] "/blackguy.jpg"
[21:09:41] "Sent:blackguy.jpg"
[21:09:41] "Sent:main.css"
[21:09:42] "/favicon.ico"
[21:09:42] "Sent:favicon.ico"
[21:10:39] "/"
[21:10:39] "Sent:index.html"
[21:10:39] "/main.css"
[21:10:39] "/blackguy.jpg"
[21:10:39] "Sent:main.css"
[21:10:39] "Sent:blackguy.jpg"
[21:10:39] "/favicon.ico"
[21:10:39] "Sent:favicon.ico"
[21:13:23] "/"
[21:13:23] "Sent:index.html"
[21:13:23] "/main.css"
[21:13:23] "/blackguy.jpg"
[21:13:23] "Sent:blackguy.jpg"
[21:13:23] "Sent:main.css"
[21:13:23] "/favicon.ico"
[21:13:23] "Sent:favicon.ico"
[21:47:28] "/"
[21:47:28] "Sent:index.html"
[21:47:29] "/main.css"
[21:47:29] "/blackguy.jpg"
[21:47:29] "Sent:main.css"
[21:47:29] "Sent:blackguy.jpg"
[21:47:29] "/favicon.ico"
[21:47:29] "Sent:favicon.ico"
[21:56:21] "/"
[21:56:21] "Sent:index.html"
[21:56:21] "/main.css"
[21:56:21] "Sent:main.css"
[21:56:21] "/blackguy.png"
[21:56:21] "Sent:blackguy.png"
[21:56:21] "/favicon.ico"
[21:56:21] "Sent:favicon.ico"
[22:21:45] "/"
[22:21:45] "Sent:index.html"
[22:43:54] "/main.css"
[22:43:54] "Sent:main.css"
[22:47:23] "/"
[22:47:23] "Sent:index.html"
[22:47:23] "/main.css"
[22:47:23] "/blackguy.png"
[22:47:23] "Sent:blackguy.png"
[22:47:23] "Sent:main.css"
[22:47:23] "/favicon.ico"
[22:47:23] "Sent:favicon.ico"
[22:47:38] "/"
[22:47:38] "Sent:index.html"
[22:47:38] "/main.css"
[22:47:38] "/blackguy.png"
[22:47:38] "Sent:main.css"
[22:47:38] "Sent:blackguy.png"
[22:47:38] "/favicon.ico"
[22:47:38] "Sent:favicon.ico"
[22:47:47] "/"
[22:47:47] "Sent:index.html"
[22:47:47] "/main.css"
[22:47:47] "/blackguy.png"
[22:47:47] "Sent:main.css"
[22:47:47] "Sent:blackguy.png"
[22:47:47] "/favicon.ico"
[22:47:47] "Sent:favicon.ico"
[22:47:51] "/main.css"
[22:47:51] "Sent:main.css"
[22:48:54] "/"
[22:48:54] "Sent:index.html"
[22:48:54] "/main.css"
[22:48:54] "/blackguy.png"
[22:48:54] "Sent:main.css"
[22:48:54] "Sent:blackguy.png"
[22:48:55] "/favicon.ico"
[22:48:55] "Sent:favicon.ico"
[22:49:12] "/"
[22:49:12] "Sent:index.html"
[22:49:12] "/main.css"
[22:49:12] "/blackguy.png"
[22:49:12] "Sent:blackguy.png"
[22:49:12] "Sent:main.css"
[22:49:12] "/favicon.ico"
[22:49:12] "Sent:favicon.ico"
[22:49:31] "/"
[22:49:31] "Sent:index.html"
[22:49:31] "/main.css"
[22:49:31] "/blackguy.png"
[22:49:31] "Sent:main.css"
[22:49:31] "Sent:blackguy.png"
[22:49:32] "/favicon.ico"
[22:49:32] "Sent:favicon.ico"
[22:49:52] "/"
[22:49:52] "Sent:index.html"
[22:49:52] "/main.css"
[22:49:52] "Sent:main.css"
[22:49:52] "/blackguy.png"
[22:49:52] "Sent:blackguy.png"
[22:49:52] "/favicon.ico"
[22:49:52] "Sent:favicon.ico"
[22:50:02] "/"
[22:50:02] "Sent:index.html"
[22:50:02] "/main.css"
[22:50:02] "/blackguy.png"
[22:50:02] "Sent:blackguy.png"
[22:50:02] "Sent:main.css"
[22:50:02] "/favicon.ico"
[22:50:02] "Sent:favicon.ico"
[22:50:54] "/"
[22:50:54] "Sent:index.html"
[22:50:54] "/main.css"
[22:50:54] "/blackguy.png"
[22:50:54] "Sent:blackguy.png"
[22:50:54] "Sent:main.css"
[22:50:55] "/favicon.ico"
[22:50:55] "Sent:favicon.ico"
[22:51:05] "/"
[22:51:05] "Sent:index.html"
[22:51:05] "/main.css"
[22:51:05] "/blackguy.png"
[22:51:05] "Sent:main.css"
[22:51:05] "Sent:blackguy.png"
[22:51:06] "/favicon.ico"
[22:51:06] "Sent:favicon.ico"
[22:55:03] "/"
[22:55:03] "Sent:index.html"
[22:55:06] "/"
[22:55:06] "Sent:index.html"
[22:55:06] "/main.css"
[22:55:06] "/blackguy.png"
[22:55:06] "Sent:blackguy.png"
[22:55:06] "Sent:main.css"
[22:55:07] "/favicon.ico"
[22:55:07] "Sent:favicon.ico"
[23:42:24] "/"
[23:42:24] "Sent:index.html"
