[22:39:44] ===============[Server is listening on 80]===============
[22:39:48] ::1 -> /
[22:39:48] ::1 <- index.html
[22:39:48] ::1 -> /main.css
[22:39:48] ::1 -> /blackguy.png
[22:39:48] ::1 <- main.css
[22:39:48] ::1 <- blackguy.png
[22:42:18] ::1 -> /
[22:42:18] ::1 <- index.html
[22:42:18] ::1 -> /main.css
[22:42:18] ::1 -> /blackguy.png
[22:42:18] ::1 <- main.css
[22:42:18] ::1 <- blackguy.png
[22:44:32] ::1 -> /rest/
[22:44:32] ::1 <- rest/index.html
[22:44:32] ::1 -> /rest/img/glad.png
[22:44:32] ::1 <- rest/img/glad.png
[22:44:57] ::1 -> /naeb/
[22:44:57] ::1 <- naeb/index.html
[22:44:57] ::1 -> /naeb/css/main.css
[22:44:57] ::1 <- naeb/css/main.css
[22:44:57] ::1 -> /naeb/js/main.js
[22:44:57] ::1 <- naeb/js/main.js
[22:45:07] ::1 -> /naeb/
[22:45:07] ::1 <- naeb/index.html
[22:45:07] ::1 -> /naeb/css/main.css
[22:45:07] ::1 <- naeb/css/main.css
[22:45:07] ::1 -> /naeb/js/main.js
[22:45:07] ::1 <- naeb/js/main.js
[22:45:25] ::1 -> /main.css
[22:45:25] ::1 <- main.css
[22:45:46] ::1 -> /
[22:45:46] ::1 <- index.html
[22:45:46] ::1 -> /main.css
[22:45:46] ::1 <- main.css
[22:45:47] ::1 -> /favicon.ico
[22:45:47] ::1 <- favicon.ico
[22:46:19] ::1 -> /
[22:46:19] ::1 <- index.html
[22:46:19] ::1 -> /main.css
[22:46:19] ::1 -> /blackguy.png
[22:46:19] ::1 <- main.css
[22:46:19] ::1 <- blackguy.png
[22:46:19] ::1 -> /favicon.ico
[22:46:19] ::1 <- favicon.ico
[22:46:39] ::1 -> /rest/
[22:46:39] ::1 <- rest/index.html
[22:46:40] ::1 -> /rest/img/glad.png
[22:46:40] ::1 <- rest/img/glad.png
[22:47:15] ::1 -> /rest/img/hussik.png
[22:47:15] ::1 <- rest/img/hussik.png
[22:51:10] ::1 -> /
[22:51:10] ::1 <- index.html
[22:51:10] ::1 -> /main.css
[22:51:10] ::1 -> /blackguy.png
[22:51:10] ::1 <- main.css
[22:51:10] ::1 <- blackguy.png
[22:59:50] ::1 -> /
[22:59:50] ::1 <- index.html
[22:59:50] ::1 -> /main.css
[22:59:50] ::1 -> /blackguy.png
[22:59:50] ::1 <- main.css
[22:59:50] ::1 <- blackguy.png
[23:00:45] ===============[Server is listening on 80]===============
[23:01:02] ::1 -> /
[23:01:02] ::1 <- index.html
[23:01:02] ::1 -> /main.css
[23:01:02] ::1 -> /blackguy.png
[23:01:02] ::1 <- main.css
[23:01:02] ::1 <- blackguy.png
[23:07:25] ===============[Server is listening on 80]===============
[23:14:45] ::ffff:31.23.166.125 -> /
[23:14:45] ::ffff:31.23.166.125 <- index.html
[23:14:45] ::ffff:31.23.166.125 -> /main.css
[23:14:45] ::ffff:31.23.166.125 -> /blackguy.png
[23:14:45] ::ffff:31.23.166.125 <- main.css
[23:14:45] ::ffff:31.23.166.125 <- blackguy.png
[23:14:45] ::ffff:31.23.166.125 -> /favicon.ico
[23:14:46] ::ffff:31.23.166.125 <- favicon.ico
[23:14:57] ::ffff:31.23.166.125 -> /
[23:14:57] ::ffff:31.23.166.125 <- index.html
[23:14:57] ::ffff:31.23.166.125 -> /main.css
[23:14:57] ::ffff:31.23.166.125 <- main.css
[23:14:57] ::ffff:31.23.166.125 -> /blackguy.png
[23:14:57] ::ffff:31.23.166.125 <- blackguy.png
[23:16:59] ::1 -> /
[23:16:59] ::1 <- index.html
[23:16:59] ::1 -> /main.css
[23:16:59] ::1 -> /blackguy.png
[23:16:59] ::1 <- main.css
[23:16:59] ::1 <- blackguy.png
[23:16:59] ::1 -> /favicon.ico
[23:16:59] ::1 <- favicon.ico
