[3:14:00] ===============[Server is listening on 80]===============
[3:14:01] ::1 -> /
[3:14:01] ::1 <- index.html
[3:14:01] ::1 -> /blackguy.png
[3:14:01] ::1 -> /main.css
[3:14:01] ::1 <- main.css
[3:14:01] ::1 <- blackguy.png
[3:14:05] ::1 -> /
[3:14:05] ::1 <- index.html
[3:14:05] ::1 -> /main.css
[3:14:05] ::1 -> /blackguy.png
[3:14:05] ::1 <- main.css
[3:14:05] ::1 <- blackguy.png
[3:14:05] ::1 -> /favicon.ico
[3:14:05] ::1 <- favicon.ico
[3:14:11] ::1 -> /main.css
[3:14:11] ::1 <- main.css
[3:39:38] ::1 -> /
[3:39:38] ::1 <- index.html
[3:39:38] ::1 -> /main.css
[3:39:38] ::1 -> /blackguy.png
[3:39:38] ::1 <- main.css
[3:39:38] ::1 <- blackguy.png
